# Logfile created on 2014-03-17 13:50:36 +0200 by logger.rb/41954
I, [2014-03-17T13:50:36.671905 #2940]  INFO -- : 0:  rake (10.1.1) from /Users/yogev/.rvm/gems/ruby-2.0.0-p353/specifications/rake-10.1.1.gemspec
I, [2014-03-17T13:50:36.672365 #2940]  INFO -- : 0:  i18n (0.6.9) from /Users/yogev/.rvm/gems/ruby-2.0.0-p353/specifications/i18n-0.6.9.gemspec
I, [2014-03-17T13:50:36.672643 #2940]  INFO -- : 0:  minitest (4.7.5) from /Users/yogev/.rvm/gems/ruby-2.0.0-p353/specifications/minitest-4.7.5.gemspec
I, [2014-03-17T13:50:36.672930 #2940]  INFO -- : 0:  multi_json (1.9.0) from /Users/yogev/.rvm/gems/ruby-2.0.0-p353/specifications/multi_json-1.9.0.gemspec
I, [2014-03-17T13:50:39.279855 #2940]  INFO -- : 0:  atomic (1.1.15) from /Users/yogev/.rvm/gems/ruby-2.0.0-p353/specifications/atomic-1.1.15.gemspec
I, [2014-03-17T13:50:41.142440 #2940]  INFO -- : 0:  thread_safe (0.2.0) from /Users/yogev/.rvm/gems/ruby-2.0.0-p353/specifications/thread_safe-0.2.0.gemspec
I, [2014-03-17T13:50:43.510266 #2940]  INFO -- : 0:  tzinfo (0.3.39) from /Users/yogev/.rvm/gems/ruby-2.0.0-p353/specifications/tzinfo-0.3.39.gemspec
I, [2014-03-17T13:50:43.510670 #2940]  INFO -- : 0:  activesupport (4.0.2) from /Users/yogev/.rvm/gems/ruby-2.0.0-p353/specifications/activesupport-4.0.2.gemspec
I, [2014-03-17T13:50:43.510918 #2940]  INFO -- : 0:  builder (3.1.4) from /Users/yogev/.rvm/gems/ruby-2.0.0-p353/specifications/builder-3.1.4.gemspec
I, [2014-03-17T13:50:43.511149 #2940]  INFO -- : 0:  erubis (2.7.0) from /Users/yogev/.rvm/gems/ruby-2.0.0-p353/specifications/erubis-2.7.0.gemspec
I, [2014-03-17T13:50:43.511375 #2940]  INFO -- : 0:  rack (1.5.2) from /Users/yogev/.rvm/gems/ruby-2.0.0-p353/specifications/rack-1.5.2.gemspec
I, [2014-03-17T13:50:43.511601 #2940]  INFO -- : 0:  rack-test (0.6.2) from /Users/yogev/.rvm/gems/ruby-2.0.0-p353/specifications/rack-test-0.6.2.gemspec
I, [2014-03-17T13:50:43.511850 #2940]  INFO -- : 0:  actionpack (4.0.2) from /Users/yogev/.rvm/gems/ruby-2.0.0-p353/specifications/actionpack-4.0.2.gemspec
I, [2014-03-17T13:50:43.512080 #2940]  INFO -- : 0:  mime-types (1.25.1) from /Users/yogev/.rvm/gems/ruby-2.0.0-p353/specifications/mime-types-1.25.1.gemspec
I, [2014-03-17T13:50:44.858992 #2940]  INFO -- : 0:  polyglot (0.3.4) from /Users/yogev/.rvm/gems/ruby-2.0.0-p353/specifications/polyglot-0.3.4.gemspec
I, [2014-03-17T13:50:44.859398 #2940]  INFO -- : 0:  treetop (1.4.15) from /Users/yogev/.rvm/gems/ruby-2.0.0-p353/specifications/treetop-1.4.15.gemspec
I, [2014-03-17T13:50:44.859678 #2940]  INFO -- : 0:  mail (2.5.4) from /Users/yogev/.rvm/gems/ruby-2.0.0-p353/specifications/mail-2.5.4.gemspec
I, [2014-03-17T13:50:44.859953 #2940]  INFO -- : 0:  actionmailer (4.0.2) from /Users/yogev/.rvm/gems/ruby-2.0.0-p353/specifications/actionmailer-4.0.2.gemspec
I, [2014-03-17T13:50:44.860221 #2940]  INFO -- : 0:  activemodel (4.0.2) from /Users/yogev/.rvm/gems/ruby-2.0.0-p353/specifications/activemodel-4.0.2.gemspec
I, [2014-03-17T13:50:44.860485 #2940]  INFO -- : 0:  activerecord-deprecated_finders (1.0.3) from /Users/yogev/.rvm/gems/ruby-2.0.0-p353/specifications/activerecord-deprecated_finders-1.0.3.gemspec
I, [2014-03-17T13:50:46.546274 #2940]  INFO -- : 0:  arel (4.0.2) from /Users/yogev/.rvm/gems/ruby-2.0.0-p353/specifications/arel-4.0.2.gemspec
I, [2014-03-17T13:50:46.546683 #2940]  INFO -- : 0:  activerecord (4.0.2) from /Users/yogev/.rvm/gems/ruby-2.0.0-p353/specifications/activerecord-4.0.2.gemspec
I, [2014-03-17T13:50:46.579184 #2940]  INFO -- : 0:  bundler (1.5.1) from /Users/yogev/.rvm/gems/ruby-2.0.0-p353/specifications/bundler-1.5.1.gemspec
I, [2014-03-17T13:50:48.236593 #2940]  INFO -- : 0:  coffee-script-source (1.7.0) from /Users/yogev/.rvm/gems/ruby-2.0.0-p353/specifications/coffee-script-source-1.7.0.gemspec
I, [2014-03-17T13:50:48.236992 #2940]  INFO -- : 0:  execjs (2.0.2) from /Users/yogev/.rvm/gems/ruby-2.0.0-p353/specifications/execjs-2.0.2.gemspec
I, [2014-03-17T13:50:48.237304 #2940]  INFO -- : 0:  coffee-script (2.2.0) from /Users/yogev/.rvm/gems/ruby-2.0.0-p353/specifications/coffee-script-2.2.0.gemspec
I, [2014-03-17T13:50:48.237587 #2940]  INFO -- : 0:  thor (0.18.1) from /Users/yogev/.rvm/gems/ruby-2.0.0-p353/specifications/thor-0.18.1.gemspec
I, [2014-03-17T13:50:48.237843 #2940]  INFO -- : 0:  railties (4.0.2) from /Users/yogev/.rvm/gems/ruby-2.0.0-p353/specifications/railties-4.0.2.gemspec
I, [2014-03-17T13:50:48.238095 #2940]  INFO -- : 0:  coffee-rails (4.0.1) from /Users/yogev/.rvm/gems/ruby-2.0.0-p353/specifications/coffee-rails-4.0.1.gemspec
I, [2014-03-17T13:50:48.238540 #2940]  INFO -- : 0:  hike (1.2.3) from /Users/yogev/.rvm/gems/ruby-2.0.0-p353/specifications/hike-1.2.3.gemspec
I, [2014-03-17T13:50:48.238966 #2940]  INFO -- : 0:  jbuilder (1.5.3) from /Users/yogev/.rvm/gems/ruby-2.0.0-p353/specifications/jbuilder-1.5.3.gemspec
I, [2014-03-17T13:50:50.056013 #2940]  INFO -- : 0:  jquery-rails (3.1.0) from /Users/yogev/.rvm/gems/ruby-2.0.0-p353/specifications/jquery-rails-3.1.0.gemspec
I, [2014-03-17T13:50:50.057319 #2940]  INFO -- : 0:  json (1.8.1) from /Users/yogev/.rvm/gems/ruby-2.0.0-p353/specifications/json-1.8.1.gemspec
I, [2014-03-17T13:50:50.058020 #2940]  INFO -- : 0:  tilt (1.4.1) from /Users/yogev/.rvm/gems/ruby-2.0.0-p353/specifications/tilt-1.4.1.gemspec
I, [2014-03-17T13:50:51.628706 #2940]  INFO -- : 0:  sprockets (2.11.0) from /Users/yogev/.rvm/gems/ruby-2.0.0-p353/specifications/sprockets-2.11.0.gemspec
I, [2014-03-17T13:50:51.630754 #2940]  INFO -- : 0:  sprockets-rails (2.0.1) from /Users/yogev/.rvm/gems/ruby-2.0.0-p353/specifications/sprockets-rails-2.0.1.gemspec
I, [2014-03-17T13:50:51.631731 #2940]  INFO -- : 0:  rails (4.0.2) from /Users/yogev/.rvm/gems/ruby-2.0.0-p353/specifications/rails-4.0.2.gemspec
I, [2014-03-17T13:50:54.088162 #2940]  INFO -- : 0:  rdoc (4.1.1) from /Users/yogev/.rvm/gems/ruby-2.0.0-p353/specifications/rdoc-4.1.1.gemspec
I, [2014-03-17T13:50:56.085209 #2940]  INFO -- : 0:  sass (3.2.15) from /Users/yogev/.rvm/gems/ruby-2.0.0-p353/specifications/sass-3.2.15.gemspec
I, [2014-03-17T13:50:57.880651 #2940]  INFO -- : 0:  sass-rails (4.0.2) from /Users/yogev/.rvm/gems/ruby-2.0.0-p353/specifications/sass-rails-4.0.2.gemspec
I, [2014-03-17T13:50:59.865494 #2940]  INFO -- : 0:  sdoc (0.4.0) from /Users/yogev/.rvm/gems/ruby-2.0.0-p353/specifications/sdoc-0.4.0.gemspec
I, [2014-03-17T13:50:59.865877 #2940]  INFO -- : 0:  sqlite3 (1.3.9) from /Users/yogev/.rvm/gems/ruby-2.0.0-p353/specifications/sqlite3-1.3.9.gemspec
I, [2014-03-17T13:51:01.359079 #2940]  INFO -- : 0:  turbolinks (2.2.1) from /Users/yogev/.rvm/gems/ruby-2.0.0-p353/specifications/turbolinks-2.2.1.gemspec
I, [2014-03-17T13:51:03.076775 #2940]  INFO -- : 0:  uglifier (2.5.0) from /Users/yogev/.rvm/gems/ruby-2.0.0-p353/specifications/uglifier-2.5.0.gemspec
I, [2014-04-22T17:57:30.605393 #8027]  INFO -- : 0:  rake (10.3.1) from /Users/yogev/.rvm/gems/ruby-2.0.0-p353/specifications/rake-10.3.1.gemspec
I, [2014-04-22T17:57:30.606322 #8027]  INFO -- : 0:  i18n (0.6.9) from /Users/yogev/.rvm/gems/ruby-2.0.0-p353/specifications/i18n-0.6.9.gemspec
I, [2014-04-22T17:57:30.606598 #8027]  INFO -- : 0:  minitest (4.7.5) from /Users/yogev/.rvm/gems/ruby-2.0.0-p353/specifications/minitest-4.7.5.gemspec
I, [2014-04-22T17:57:30.606860 #8027]  INFO -- : 0:  multi_json (1.9.2) from /Users/yogev/.rvm/gems/ruby-2.0.0-p353/specifications/multi_json-1.9.2.gemspec
I, [2014-04-22T17:57:38.193857 #8027]  INFO -- : 0:  thread_safe (0.3.3) from /Users/yogev/.rvm/gems/ruby-2.0.0-p353/specifications/thread_safe-0.3.3.gemspec
I, [2014-04-22T17:57:38.194250 #8027]  INFO -- : 0:  tzinfo (0.3.39) from /Users/yogev/.rvm/gems/ruby-2.0.0-p353/specifications/tzinfo-0.3.39.gemspec
I, [2014-04-22T17:57:45.629431 #8027]  INFO -- : 0:  activesupport (4.0.4) from /Users/yogev/.rvm/gems/ruby-2.0.0-p353/specifications/activesupport-4.0.4.gemspec
I, [2014-04-22T17:57:45.629902 #8027]  INFO -- : 0:  builder (3.1.4) from /Users/yogev/.rvm/gems/ruby-2.0.0-p353/specifications/builder-3.1.4.gemspec
I, [2014-04-22T17:57:45.630210 #8027]  INFO -- : 0:  erubis (2.7.0) from /Users/yogev/.rvm/gems/ruby-2.0.0-p353/specifications/erubis-2.7.0.gemspec
I, [2014-04-22T17:57:45.630519 #8027]  INFO -- : 0:  rack (1.5.2) from /Users/yogev/.rvm/gems/ruby-2.0.0-p353/specifications/rack-1.5.2.gemspec
I, [2014-04-22T17:57:45.630822 #8027]  INFO -- : 0:  rack-test (0.6.2) from /Users/yogev/.rvm/gems/ruby-2.0.0-p353/specifications/rack-test-0.6.2.gemspec
I, [2014-04-22T17:57:55.273893 #8027]  INFO -- : 0:  actionpack (4.0.4) from /Users/yogev/.rvm/gems/ruby-2.0.0-p353/specifications/actionpack-4.0.4.gemspec
I, [2014-04-22T17:57:55.274276 #8027]  INFO -- : 0:  mime-types (1.25.1) from /Users/yogev/.rvm/gems/ruby-2.0.0-p353/specifications/mime-types-1.25.1.gemspec
I, [2014-04-22T17:57:55.274533 #8027]  INFO -- : 0:  polyglot (0.3.4) from /Users/yogev/.rvm/gems/ruby-2.0.0-p353/specifications/polyglot-0.3.4.gemspec
I, [2014-04-22T17:57:55.274768 #8027]  INFO -- : 0:  treetop (1.4.15) from /Users/yogev/.rvm/gems/ruby-2.0.0-p353/specifications/treetop-1.4.15.gemspec
I, [2014-04-22T17:57:55.274996 #8027]  INFO -- : 0:  mail (2.5.4) from /Users/yogev/.rvm/gems/ruby-2.0.0-p353/specifications/mail-2.5.4.gemspec
I, [2014-04-22T17:58:00.274247 #8027]  INFO -- : 0:  actionmailer (4.0.4) from /Users/yogev/.rvm/gems/ruby-2.0.0-p353/specifications/actionmailer-4.0.4.gemspec
I, [2014-04-22T17:58:05.760448 #8027]  INFO -- : 0:  activemodel (4.0.4) from /Users/yogev/.rvm/gems/ruby-2.0.0-p353/specifications/activemodel-4.0.4.gemspec
I, [2014-04-22T17:58:05.760792 #8027]  INFO -- : 0:  activerecord-deprecated_finders (1.0.3) from /Users/yogev/.rvm/gems/ruby-2.0.0-p353/specifications/activerecord-deprecated_finders-1.0.3.gemspec
I, [2014-04-22T17:58:05.761053 #8027]  INFO -- : 0:  arel (4.0.2) from /Users/yogev/.rvm/gems/ruby-2.0.0-p353/specifications/arel-4.0.2.gemspec
I, [2014-04-22T17:58:14.397657 #8027]  INFO -- : 0:  activerecord (4.0.4) from /Users/yogev/.rvm/gems/ruby-2.0.0-p353/specifications/activerecord-4.0.4.gemspec
I, [2014-04-22T17:58:14.398094 #8027]  INFO -- : 0:  bundler (1.5.1) from /Users/yogev/.rvm/gems/ruby-2.0.0-p353/specifications/bundler-1.5.1.gemspec
I, [2014-04-22T17:58:14.398409 #8027]  INFO -- : 0:  coffee-script-source (1.7.0) from /Users/yogev/.rvm/gems/ruby-2.0.0-p353/specifications/coffee-script-source-1.7.0.gemspec
I, [2014-04-22T17:58:14.398709 #8027]  INFO -- : 0:  execjs (2.0.2) from /Users/yogev/.rvm/gems/ruby-2.0.0-p353/specifications/execjs-2.0.2.gemspec
I, [2014-04-22T17:58:14.398990 #8027]  INFO -- : 0:  coffee-script (2.2.0) from /Users/yogev/.rvm/gems/ruby-2.0.0-p353/specifications/coffee-script-2.2.0.gemspec
I, [2014-04-22T17:58:25.314525 #8027]  INFO -- : 0:  thor (0.19.1) from /Users/yogev/.rvm/gems/ruby-2.0.0-p353/specifications/thor-0.19.1.gemspec
I, [2014-04-22T17:58:33.130886 #8027]  INFO -- : 0:  railties (4.0.4) from /Users/yogev/.rvm/gems/ruby-2.0.0-p353/specifications/railties-4.0.4.gemspec
I, [2014-04-22T17:58:33.131483 #8027]  INFO -- : 0:  coffee-rails (4.0.1) from /Users/yogev/.rvm/gems/ruby-2.0.0-p353/specifications/coffee-rails-4.0.1.gemspec
I, [2014-04-22T17:58:33.131811 #8027]  INFO -- : 0:  hike (1.2.3) from /Users/yogev/.rvm/gems/ruby-2.0.0-p353/specifications/hike-1.2.3.gemspec
I, [2014-04-22T17:58:42.661113 #8027]  INFO -- : 0:  jbuilder (1.0.2) from /Users/yogev/.rvm/gems/ruby-2.0.0-p353/specifications/jbuilder-1.0.2.gemspec
I, [2014-04-22T17:58:42.661462 #8027]  INFO -- : 0:  jquery-rails (3.0.4) from /Users/yogev/.rvm/gems/ruby-2.0.0-p353/specifications/jquery-rails-3.0.4.gemspec
I, [2014-04-22T17:58:42.661710 #8027]  INFO -- : 0:  json (1.8.1) from /Users/yogev/.rvm/gems/ruby-2.0.0-p353/specifications/json-1.8.1.gemspec
I, [2014-04-22T17:58:53.936925 #8027]  INFO -- : 0:  pg (0.15.1) from /Users/yogev/.rvm/gems/ruby-2.0.0-p353/specifications/pg-0.15.1.gemspec
I, [2014-04-22T17:58:53.937743 #8027]  INFO -- : 0:  tilt (1.4.1) from /Users/yogev/.rvm/gems/ruby-2.0.0-p353/specifications/tilt-1.4.1.gemspec
I, [2014-04-22T17:58:59.910852 #8027]  INFO -- : 0:  sprockets (2.12.1) from /Users/yogev/.rvm/gems/ruby-2.0.0-p353/specifications/sprockets-2.12.1.gemspec
I, [2014-04-22T17:58:59.911387 #8027]  INFO -- : 0:  sprockets-rails (2.0.1) from /Users/yogev/.rvm/gems/ruby-2.0.0-p353/specifications/sprockets-rails-2.0.1.gemspec
I, [2014-04-22T17:59:10.850037 #8027]  INFO -- : 0:  rails (4.0.4) from /Users/yogev/.rvm/gems/ruby-2.0.0-p353/specifications/rails-4.0.4.gemspec
I, [2014-04-22T17:59:16.250637 #8027]  INFO -- : 0:  rails_serve_static_assets (0.0.2) from /Users/yogev/.rvm/gems/ruby-2.0.0-p353/specifications/rails_serve_static_assets-0.0.2.gemspec
I, [2014-04-22T17:59:22.013948 #8027]  INFO -- : 0:  rails_stdout_logging (0.0.3) from /Users/yogev/.rvm/gems/ruby-2.0.0-p353/specifications/rails_stdout_logging-0.0.3.gemspec
I, [2014-04-22T17:59:25.465767 #8027]  INFO -- : 0:  rails_12factor (0.0.2) from /Users/yogev/.rvm/gems/ruby-2.0.0-p353/specifications/rails_12factor-0.0.2.gemspec
I, [2014-04-22T17:59:25.466179 #8027]  INFO -- : 0:  rdoc (3.12.2) from /Users/yogev/.rvm/gems/ruby-2.0.0-p353/specifications/rdoc-3.12.2.gemspec
I, [2014-04-22T17:59:40.634402 #8027]  INFO -- : 0:  sass (3.3.5) from /Users/yogev/.rvm/gems/ruby-2.0.0-p353/specifications/sass-3.3.5.gemspec
I, [2014-04-22T17:59:40.634887 #8027]  INFO -- : 0:  sass-rails (4.0.1) from /Users/yogev/.rvm/gems/ruby-2.0.0-p353/specifications/sass-rails-4.0.1.gemspec
I, [2014-04-22T17:59:40.635195 #8027]  INFO -- : 0:  sdoc (0.3.20) from /Users/yogev/.rvm/gems/ruby-2.0.0-p353/specifications/sdoc-0.3.20.gemspec
I, [2014-04-22T17:59:40.635480 #8027]  INFO -- : 0:  sqlite3 (1.3.8) from /Users/yogev/.rvm/gems/ruby-2.0.0-p353/specifications/sqlite3-1.3.8.gemspec
I, [2014-04-22T17:59:46.301231 #8027]  INFO -- : 0:  turbolinks (1.1.1) from /Users/yogev/.rvm/gems/ruby-2.0.0-p353/specifications/turbolinks-1.1.1.gemspec
I, [2014-04-22T17:59:52.139991 #8027]  INFO -- : 0:  uglifier (2.1.1) from /Users/yogev/.rvm/gems/ruby-2.0.0-p353/specifications/uglifier-2.1.1.gemspec
